# JRE version: OpenJDK Runtime Environment (21.0.6+7) (build 21.0.6+7-Ubuntu-124.04.1)
# Java VM: OpenJDK 64-Bit Server VM (21.0.6+7-Ubuntu-124.04.1, mixed mode, sharing, tiered, compressed oops, compressed class ptrs, g1 gc, linux-amd64)
GC Precious Log:
 CardTable entry size: 512
 Card Set container configuration: InlinePtr #cards 4 size 8 Array Of Cards #cards 16 size 48 Howl #buckets 8 coarsen threshold 3686 Howl Bitmap #cards 512 size 80 coarsen threshold 460 Card regions per heap region 1 cards per card region 4096
 CPUs: 8 total, 8 available
 Memory: 15851M
 Large Page Support: Disabled
 NUMA Support: Disabled
 Compressed Oops: Enabled (Zero based)
 Heap Region Size: 2M
 Heap Min Capacity: 8M
 Heap Initial Capacity: 248M
 Heap Max Capacity: 3964M
 Pre-touch: Disabled
 Parallel Workers: 8
 Concurrent Workers: 2
 Concurrent Refinement Workers: 8
 Periodic GC: Disabled
Heap:
 garbage-first heap   total 157696K, used 128912K [0x0000000708400000, 0x0000000800000000)
  region size 2048K, 43 young (88064K), 5 survivors (10240K)
 Metaspace       used 84300K, committed 85056K, reserved 1179648K
  class space    used 10242K, committed 10624K, reserved 1048576K
GC Heap History (20 events):
Event: 7.409 GC heap before
{Heap before GC invocations=18 (full 0):
 garbage-first heap   total 102400K, used 85021K [0x0000000708400000, 0x0000000800000000)
  region size 2048K, 30 young (61440K), 4 survivors (8192K)
 Metaspace       used 66812K, committed 67392K, reserved 1114112K
  class space    used 8500K, committed 8768K, reserved 1048576K
}
Event: 7.416 GC heap after
{Heap after GC invocations=19 (full 0):
 garbage-first heap   total 102400K, used 35625K [0x0000000708400000, 0x0000000800000000)
  region size 2048K, 4 young (8192K), 4 survivors (8192K)
 Metaspace       used 66812K, committed 67392K, reserved 1114112K
  class space    used 8500K, committed 8768K, reserved 1048576K
}
Event: 7.509 GC heap before
{Heap before GC invocations=19 (full 0):
 garbage-first heap   total 102400K, used 86825K [0x0000000708400000, 0x0000000800000000)
  region size 2048K, 29 young (59392K), 4 survivors (8192K)
 Metaspace       used 66878K, committed 67456K, reserved 1114112K
  class space    used 8500K, committed 8768K, reserved 1048576K
}
Event: 7.514 GC heap after
{Heap after GC invocations=20 (full 0):
 garbage-first heap   total 102400K, used 37533K [0x0000000708400000, 0x0000000800000000)
  region size 2048K, 1 young (2048K), 1 survivors (2048K)
 Metaspace       used 66878K, committed 67456K, reserved 1114112K
  class space    used 8500K, committed 8768K, reserved 1048576K
}
Event: 7.697 GC heap before
{Heap before GC invocations=20 (full 0):
 garbage-first heap   total 102400K, used 92829K [0x0000000708400000, 0x0000000800000000)
  region size 2048K, 28 young (57344K), 1 survivors (2048K)
 Metaspace       used 67326K, committed 67840K, reserved 1114112K
  class space    used 8527K, committed 8768K, reserved 1048576K
}
Event: 7.699 GC heap after
{Heap after GC invocations=21 (full 0):
 garbage-first heap   total 122880K, used 36468K [0x0000000708400000, 0x0000000800000000)
  region size 2048K, 1 young (2048K), 1 survivors (2048K)
 Metaspace       used 67326K, committed 67840K, reserved 1114112K
  class space    used 8527K, committed 8768K, reserved 1048576K
}
Event: 8.183 GC heap before
{Heap before GC invocations=22 (full 0):
 garbage-first heap   total 122880K, used 108148K [0x0000000708400000, 0x0000000800000000)
  region size 2048K, 36 young (73728K), 1 survivors (2048K)
 Metaspace       used 68545K, committed 69056K, reserved 1114112K
  class space    used 8665K, committed 8896K, reserved 1048576K
}
Event: 8.188 GC heap after
{Heap after GC invocations=23 (full 0):
 garbage-first heap   total 122880K, used 39464K [0x0000000708400000, 0x0000000800000000)
  region size 2048K, 2 young (4096K), 2 survivors (4096K)
 Metaspace       used 68545K, committed 69056K, reserved 1114112K
  class space    used 8665K, committed 8896K, reserved 1048576K
}
Event: 8.502 GC heap before
{Heap before GC invocations=23 (full 0):
 garbage-first heap   total 122880K, used 109096K [0x0000000708400000, 0x0000000800000000)
  region size 2048K, 36 young (73728K), 2 survivors (4096K)
 Metaspace       used 69253K, committed 69824K, reserved 1114112K
  class space    used 8704K, committed 8960K, reserved 1048576K
}
Event: 8.510 GC heap after
{Heap after GC invocations=24 (full 0):
 garbage-first heap   total 122880K, used 40519K [0x0000000708400000, 0x0000000800000000)
  region size 2048K, 3 young (6144K), 3 survivors (6144K)
 Metaspace       used 69253K, committed 69824K, reserved 1114112K
  class space    used 8704K, committed 8960K, reserved 1048576K
}
Event: 8.712 GC heap before
{Heap before GC invocations=24 (full 0):
 garbage-first heap   total 122880K, used 108103K [0x0000000708400000, 0x0000000800000000)
  region size 2048K, 36 young (73728K), 3 survivors (6144K)
 Metaspace       used 69666K, committed 70272K, reserved 1114112K
  class space    used 8720K, committed 8960K, reserved 1048576K
}
Event: 8.717 GC heap after
{Heap after GC invocations=25 (full 0):
 garbage-first heap   total 122880K, used 42169K [0x0000000708400000, 0x0000000800000000)
  region size 2048K, 4 young (8192K), 4 survivors (8192K)
 Metaspace       used 69666K, committed 70272K, reserved 1114112K
  class space    used 8720K, committed 8960K, reserved 1048576K
}
Event: 8.984 GC heap before
{Heap before GC invocations=26 (full 0):
 garbage-first heap   total 122880K, used 105657K [0x0000000708400000, 0x0000000800000000)
  region size 2048K, 35 young (71680K), 4 survivors (8192K)
 Metaspace       used 70333K, committed 70912K, reserved 1114112K
  class space    used 8755K, committed 9024K, reserved 1048576K
}
Event: 8.994 GC heap after
{Heap after GC invocations=27 (full 0):
 garbage-first heap   total 122880K, used 44153K [0x0000000708400000, 0x0000000800000000)
  region size 2048K, 3 young (6144K), 3 survivors (6144K)
 Metaspace       used 70333K, committed 70912K, reserved 1114112K
  class space    used 8755K, committed 9024K, reserved 1048576K
}
Event: 9.162 GC heap before
{Heap before GC invocations=27 (full 0):
 garbage-first heap   total 122880K, used 107641K [0x0000000708400000, 0x0000000800000000)
  region size 2048K, 34 young (69632K), 3 survivors (6144K)
 Metaspace       used 70847K, committed 71424K, reserved 1114112K
  class space    used 8778K, committed 9024K, reserved 1048576K
}
Event: 9.168 GC heap after
{Heap after GC invocations=28 (full 0):
 garbage-first heap   total 122880K, used 45592K [0x0000000708400000, 0x0000000800000000)
  region size 2048K, 4 young (8192K), 4 survivors (8192K)
 Metaspace       used 70847K, committed 71424K, reserved 1114112K
  class space    used 8778K, committed 9024K, reserved 1048576K
}
Event: 9.615 GC heap before
{Heap before GC invocations=28 (full 0):
 garbage-first heap   total 122880K, used 107032K [0x0000000708400000, 0x0000000800000000)
  region size 2048K, 34 young (69632K), 4 survivors (8192K)
 Metaspace       used 73836K, committed 74496K, reserved 1114112K
  class space    used 9171K, committed 9472K, reserved 1048576K
}
Event: 9.623 GC heap after
{Heap after GC invocations=29 (full 0):
 garbage-first heap   total 157696K, used 48604K [0x0000000708400000, 0x0000000800000000)
  region size 2048K, 4 young (8192K), 4 survivors (8192K)
 Metaspace       used 73836K, committed 74496K, reserved 1114112K
  class space    used 9171K, committed 9472K, reserved 1048576K
}
Event: 41.017 GC heap before
{Heap before GC invocations=30 (full 0):
 garbage-first heap   total 157696K, used 134620K [0x0000000708400000, 0x0000000800000000)
  region size 2048K, 46 young (94208K), 4 survivors (8192K)
 Metaspace       used 81655K, committed 82368K, reserved 1179648K
  class space    used 10140K, committed 10496K, reserved 1048576K
}
Event: 41.026 GC heap after
{Heap after GC invocations=31 (full 0):
 garbage-first heap   total 157696K, used 53136K [0x0000000708400000, 0x0000000800000000)
  region size 2048K, 5 young (10240K), 5 survivors (10240K)
 Metaspace       used 81655K, committed 82368K, reserved 1179648K
  class space    used 10140K, committed 10496K, reserved 1048576K
}

